2020-08-18 15:20:50.7261 INFO 程序启动，开始初始化：
2020-08-18 15:20:51.0594 INFO 热键初始化成功！
2020-08-18 15:20:51.0594 INFO 网络部件初始化成功！
2020-08-18 15:20:51.0594 INFO 壁纸图片读取成功！
2020-08-18 15:20:51.2359 INFO 读取保存文件ing
2020-08-18 15:20:51.4882 INFO 当前歌单为snowman109喜欢的音乐;当前歌曲为WPF_Player.Song;当前播放进度为00:03:30.2499906;当前播放模式为shuffle(0顺序播放，1随机播放，2单曲循环)
2020-08-18 15:24:05.1216 INFO 程序启动，开始初始化：
2020-08-18 15:24:05.3121 INFO 热键初始化成功！
2020-08-18 15:24:05.3121 INFO 网络部件初始化成功！
2020-08-18 15:24:05.3171 INFO 壁纸图片读取成功！
2020-08-18 15:24:05.4906 INFO 读取保存文件ing
2020-08-18 15:24:05.7439 INFO 当前歌单为snowman109喜欢的音乐;当前歌曲为WPF_Player.Song;当前播放进度为00:03:30.2499906;当前播放模式为shuffle(0顺序播放，1随机播放，2单曲循环)
2020-08-18 15:24:07.8639 INFO 参数初始化成功！
2020-08-18 15:24:07.9308 INFO 设置初始化成功！
2020-08-18 15:24:07.9308 INFO 参数初始化成功！
2020-08-18 15:24:30.2263 ERROR 热键设置失败
2020-08-18 15:25:00.3608 ERROR 热键设置失败
2020-08-18 19:16:40.8941 INFO 程序启动，开始初始化：
2020-08-18 19:16:41.1584 INFO 热键初始化成功！
2020-08-18 19:16:41.1604 INFO 网络部件初始化成功！
2020-08-18 19:16:41.1604 INFO 壁纸图片读取成功！
2020-08-18 19:16:41.3619 INFO 读取保存文件ing
2020-08-18 19:16:41.5494 INFO 当前歌单为snowman109喜欢的音乐;当前歌曲为WPF_Player.Song;当前播放进度为00:00:37.4434568;当前播放模式为shuffle(0顺序播放，1随机播放，2单曲循环)
2020-08-18 19:16:43.5116 INFO 参数初始化成功！
2020-08-18 19:16:43.5574 INFO 设置初始化成功！
2020-08-18 19:16:43.5574 INFO 参数初始化成功！
2020-08-18 19:17:07.8573 INFO 继续播放“千と千寻の神隠し”~いつも何度でも
2020-08-18 19:17:18.1439 INFO 播放下一曲雨一直下
2020-08-18 19:17:30.1623 INFO 播放下一曲城府
2020-08-18 19:17:34.7443 INFO 暂停城府
2020-08-18 19:17:48.4133 INFO 播放下一曲不分手的恋爱
2020-08-18 19:26:34.1610 INFO 程序启动，开始初始化：
2020-08-18 19:26:34.4561 INFO 热键初始化成功！
2020-08-18 19:26:34.4581 INFO 网络部件初始化成功！
2020-08-18 19:26:34.4581 INFO 壁纸图片读取成功！
2020-08-18 19:26:34.6017 INFO 读取保存文件ing
2020-08-18 19:26:34.8361 INFO 当前歌单为:snowman109喜欢的音乐;当前歌曲为:One More Night;当前播放进度为:00:00:00;当前播放模式为:shuffle
2020-08-18 19:26:34.9807 INFO 开始播放:One More Night
2020-08-18 19:26:36.9123 INFO 参数初始化成功！
2020-08-18 19:26:36.9513 INFO 设置初始化成功！
2020-08-18 19:26:36.9513 INFO 参数初始化成功！
2020-08-18 19:27:29.0297 INFO 开始播放:The Show
2020-08-18 19:27:36.5600 INFO 暂停:The Show
2020-08-18 19:27:38.0766 INFO 开始播放:花火が瞬く夜に
2020-08-18 19:27:38.0766 INFO 播放下一曲花火が瞬く夜に
2020-08-18 19:36:51.8643 INFO 程序启动，开始初始化：
2020-08-18 19:36:52.0811 INFO 热键初始化成功！
2020-08-18 19:36:52.0827 INFO 网络部件初始化成功！
2020-08-18 19:36:52.0827 INFO 壁纸图片读取成功！
2020-08-18 19:36:52.2922 INFO 读取保存文件ing
2020-08-18 19:36:52.6632 INFO 当前歌单为:snowman109喜欢的音乐;当前歌曲为:The Show;当前播放进度为:00:00:00.3642917;当前播放模式为:shuffle
2020-08-18 19:36:52.7709 INFO 开始播放:The Show
2020-08-18 19:36:54.6237 INFO 参数初始化成功！
2020-08-18 19:36:54.6653 INFO 设置初始化成功！
2020-08-18 19:36:54.6653 INFO 计时器初始化成功！
2020-08-18 19:37:45.9760 INFO 窗口置顶成功
2020-08-18 19:37:55.0713 INFO 窗口置顶失败
2020-08-18 19:38:08.1717 INFO 窗口解锁成功
2020-08-18 19:38:16.7274 INFO 窗口锁定成功
2020-08-18 19:41:09.6034 INFO 程序启动，开始初始化：
2020-08-18 19:41:10.0283 INFO 热键初始化成功！
2020-08-18 19:41:10.0283 INFO 网络部件初始化成功！
2020-08-18 19:41:10.0283 INFO 壁纸图片读取成功！
2020-08-18 19:41:10.2417 INFO 读取保存文件ing
2020-08-18 19:41:10.5229 INFO 当前歌单为:snowman109喜欢的音乐;当前歌曲为:The Show;当前播放进度为:00:00:00;当前播放模式为:shuffle
2020-08-18 19:41:10.6799 INFO 开始播放:The Show
2020-08-18 19:41:12.6421 INFO 参数初始化成功！
2020-08-18 19:41:12.6721 INFO 设置初始化成功！
2020-08-18 19:41:12.6721 INFO 计时器初始化成功！
2020-08-18 19:41:19.6055 INFO 窗口取消置顶
2020-08-18 19:42:56.8136 INFO 程序启动，开始初始化：
2020-08-18 19:42:57.1039 INFO 热键初始化成功！
2020-08-18 19:42:57.1039 INFO 网络部件初始化成功！
2020-08-18 19:42:57.1039 INFO 壁纸图片读取成功！
2020-08-18 19:42:57.2764 INFO 读取保存文件ing
2020-08-18 19:42:57.5138 ERROR 读取保存内容失败，播放列表初始化失败，播放列表为空
2020-08-18 19:42:57.5427 ERROR 读取保存内容失败，当前播放索引初始化失败，长度超过列表长度，已初始化为0
2020-08-18 19:43:33.9979 INFO 程序启动，开始初始化：
2020-08-18 19:43:34.2044 INFO 热键初始化成功！
2020-08-18 19:43:34.2044 INFO 网络部件初始化成功！
2020-08-18 19:43:34.2077 INFO 壁纸图片读取成功！
2020-08-18 19:43:34.3560 INFO 读取保存文件ing
2020-08-18 19:43:34.6472 ERROR 读取保存内容失败，播放列表初始化失败，播放列表为空
2020-08-18 19:43:34.6841 ERROR 读取保存内容失败，当前播放索引初始化失败，长度超过列表长度，已初始化为0
2020-08-18 19:45:30.1752 INFO 程序启动，开始初始化：
2020-08-18 19:45:30.3897 INFO 热键初始化成功！
2020-08-18 19:45:30.3897 INFO 网络部件初始化成功！
2020-08-18 19:45:30.3897 INFO 壁纸图片读取成功！
2020-08-18 19:45:30.5552 INFO 读取保存文件ing
2020-08-18 19:45:30.8923 ERROR 读取保存内容失败，播放列表初始化失败，播放列表为空
2020-08-18 19:45:30.9222 ERROR 读取保存内容失败，当前播放索引初始化失败，长度超过列表长度，已初始化为0
2020-08-18 19:45:30.9930 INFO 读取保存内容失败，正在初始化配置
2020-08-18 19:45:30.9930 INFO 当前歌单为:snowman109喜欢的音乐;当前歌曲为:太阳;当前播放进度为:00:00:00.0;当前播放模式为:shuffle
2020-08-18 19:45:31.2593 INFO 开始播放:太阳
2020-08-18 19:45:33.0777 INFO 参数初始化成功！
2020-08-18 19:45:33.1312 INFO 设置初始化成功！
2020-08-18 19:45:33.1312 INFO 计时器初始化成功！
2020-08-18 19:45:59.0412 INFO 窗口取消置顶
2020-08-18 19:46:07.5865 INFO 更换播放模式为:once
2020-08-18 19:46:11.8237 INFO 更换播放模式为:order
2020-08-18 19:46:19.9277 INFO 继续播放:太阳
2020-08-18 19:46:27.5374 INFO 开始播放:부채도사 (Club Ver.) - 딸 (Feat. Ami)
2020-08-18 19:46:33.0377 INFO 播放부채도사 (Club Ver.) - 딸 (Feat. Ami)失败，没有版权
2020-08-18 19:46:33.0377 INFO 开始播放:걱정말아요 그대
2020-08-18 19:46:33.0377 INFO 播放下一曲:걱정말아요 그대
2020-08-18 19:46:55.4204 INFO 开始播放:芒种
2020-08-18 19:46:55.4204 INFO 播放下一曲:芒种
2020-08-18 19:46:58.6351 INFO 开始播放:걱정말아요 그대
2020-08-18 19:46:58.6351 INFO 播放上一曲:걱정말아요 그대
2020-08-18 19:47:03.3009 INFO 开始播放:芒种
2020-08-18 19:47:03.3029 INFO 播放下一曲:芒种
2020-08-18 19:47:06.7889 INFO 开始播放:兰花指
2020-08-18 19:47:06.7889 INFO 播放下一曲:兰花指
2020-08-18 19:48:22.4780 INFO 程序启动，开始初始化：
2020-08-18 19:48:22.7363 INFO 热键初始化成功！
2020-08-18 19:48:22.7385 INFO 网络部件初始化成功！
2020-08-18 19:48:22.7385 INFO 壁纸图片读取成功！
2020-08-18 19:48:22.9218 INFO 读取保存文件ing
2020-08-18 19:48:23.1592 INFO 当前歌单为:snowman109喜欢的音乐;当前歌曲为:兰花指;当前播放进度为:00:00:22.0276866;当前播放模式为:order
2020-08-18 19:48:23.2729 INFO 开始播放:兰花指
2020-08-18 19:48:25.2419 INFO 参数初始化成功！
2020-08-18 19:48:25.2849 INFO 设置初始化成功！
2020-08-18 19:48:25.2869 INFO 计时器初始化成功！
2020-08-18 19:48:44.2130 INFO 开始播放:太阳
2020-08-18 19:48:54.4976 INFO 暂停:太阳
2020-08-18 19:49:07.5391 INFO 保存参数成功!
2020-08-18 19:49:07.5740 INFO 关闭成功!
