2020-08-16 17:22:54.0179 Info Message Template Auto Format enabled
2020-08-16 17:22:54.0967 Info Adding target FileTarget(Name=f)
2020-08-16 17:22:54.0997 Info Adding target ConsoleTarget(Name=c)
2020-08-16 17:22:54.1526 Info Validating config: TargetNames=f, c, ConfigItems=24, FilePath=C:\Users\snowman\source\repos\WPF_Player\WPF_Player\bin\Debug\NLog.config
2020-08-16 17:22:54.1795 Warn Failed changing Console.OutputEncoding to System.Text.UTF8Encoding Exception: System.IO.IOException: 句柄无效。

   在 System.IO.__Error.WinIOError(Int32 errorCode, String maybeFullPath)
   在 System.Console.set_OutputEncoding(Encoding value)
   在 NLog.Targets.ConsoleTargetHelper.SetConsoleOutputEncoding(Encoding newEncoding, Boolean isInitialized, Boolean pauseLogging)
2020-08-16 17:22:54.2174 Info Configuration initialized.
2020-08-16 17:22:54.2231 Info NLog, Version=4.0.0.0, Culture=neutral, PublicKeyToken=5120e14c03d0593c. File version: 4.7.2.11786. Product version: 4.7.2+024896f64b840a743d3fd89e29c2186681e7795f. GlobalAssemblyCache: False
2020-08-18 15:20:50.4360 Info Message Template Auto Format enabled
2020-08-18 15:20:50.5118 Info Adding target FileTarget(Name=f)
2020-08-18 15:20:50.5118 Info Adding target ConsoleTarget(Name=c)
2020-08-18 15:20:50.5747 Info Validating config: TargetNames=f, c, ConfigItems=24, FilePath=C:\Users\snowman\source\repos\WPF_Player\WPF_Player\bin\Debug\NLog.config
2020-08-18 15:20:50.6086 Warn Failed changing Console.OutputEncoding to System.Text.UTF8Encoding Exception: System.IO.IOException: 句柄无效。

   在 System.IO.__Error.WinIOError(Int32 errorCode, String maybeFullPath)
   在 System.Console.set_OutputEncoding(Encoding value)
   在 NLog.Targets.ConsoleTargetHelper.SetConsoleOutputEncoding(Encoding newEncoding, Boolean isInitialized, Boolean pauseLogging)
2020-08-18 15:20:50.6933 Info Configuration initialized.
2020-08-18 15:20:50.6933 Info NLog, Version=4.0.0.0, Culture=neutral, PublicKeyToken=5120e14c03d0593c. File version: 4.7.2.11786. Product version: 4.7.2+024896f64b840a743d3fd89e29c2186681e7795f. GlobalAssemblyCache: False
2020-08-18 15:24:04.8772 Info Message Template Auto Format enabled
2020-08-18 15:24:04.9660 Info Adding target FileTarget(Name=f)
2020-08-18 15:24:04.9660 Info Adding target ConsoleTarget(Name=c)
2020-08-18 15:24:05.0369 Info Validating config: TargetNames=f, c, ConfigItems=24, FilePath=C:\Users\snowman\source\repos\WPF_Player\WPF_Player\bin\Debug\NLog.config
2020-08-18 15:24:05.0687 Warn Failed changing Console.OutputEncoding to System.Text.UTF8Encoding Exception: System.IO.IOException: 句柄无效。

   在 System.IO.__Error.WinIOError(Int32 errorCode, String maybeFullPath)
   在 System.Console.set_OutputEncoding(Encoding value)
   在 NLog.Targets.ConsoleTargetHelper.SetConsoleOutputEncoding(Encoding newEncoding, Boolean isInitialized, Boolean pauseLogging)
2020-08-18 15:24:05.1046 Info Configuration initialized.
2020-08-18 15:24:05.1046 Info NLog, Version=4.0.0.0, Culture=neutral, PublicKeyToken=5120e14c03d0593c. File version: 4.7.2.11786. Product version: 4.7.2+024896f64b840a743d3fd89e29c2186681e7795f. GlobalAssemblyCache: False
2020-08-18 19:16:40.5664 Info Message Template Auto Format enabled
2020-08-18 19:16:40.6628 Info Adding target FileTarget(Name=f)
2020-08-18 19:16:40.6628 Info Adding target ConsoleTarget(Name=c)
2020-08-18 19:16:40.7316 Info Validating config: TargetNames=f, c, ConfigItems=24, FilePath=C:\Users\snowman\source\repos\WPF_Player\WPF_Player\bin\Debug\NLog.config
2020-08-18 19:16:40.7705 Warn Failed changing Console.OutputEncoding to System.Text.UTF8Encoding Exception: System.IO.IOException: 句柄无效。

   在 System.IO.__Error.WinIOError(Int32 errorCode, String maybeFullPath)
   在 System.Console.set_OutputEncoding(Encoding value)
   在 NLog.Targets.ConsoleTargetHelper.SetConsoleOutputEncoding(Encoding newEncoding, Boolean isInitialized, Boolean pauseLogging)
2020-08-18 19:16:40.8722 Info Configuration initialized.
2020-08-18 19:16:40.8722 Info NLog, Version=4.0.0.0, Culture=neutral, PublicKeyToken=5120e14c03d0593c. File version: 4.7.2.11786. Product version: 4.7.2+024896f64b840a743d3fd89e29c2186681e7795f. GlobalAssemblyCache: False
2020-08-18 19:26:33.9006 Info Message Template Auto Format enabled
2020-08-18 19:26:33.9903 Info Adding target FileTarget(Name=f)
2020-08-18 19:26:33.9903 Info Adding target ConsoleTarget(Name=c)
2020-08-18 19:26:34.0592 Info Validating config: TargetNames=f, c, ConfigItems=24, FilePath=C:\Users\snowman\source\repos\WPF_Player\WPF_Player\bin\Debug\NLog.config
2020-08-18 19:26:34.1010 Warn Failed changing Console.OutputEncoding to System.Text.UTF8Encoding Exception: System.IO.IOException: 句柄无效。

   在 System.IO.__Error.WinIOError(Int32 errorCode, String maybeFullPath)
   在 System.Console.set_OutputEncoding(Encoding value)
   在 NLog.Targets.ConsoleTargetHelper.SetConsoleOutputEncoding(Encoding newEncoding, Boolean isInitialized, Boolean pauseLogging)
2020-08-18 19:26:34.1569 Info Configuration initialized.
2020-08-18 19:26:34.1610 Info NLog, Version=4.0.0.0, Culture=neutral, PublicKeyToken=5120e14c03d0593c. File version: 4.7.2.11786. Product version: 4.7.2+024896f64b840a743d3fd89e29c2186681e7795f. GlobalAssemblyCache: False
2020-08-18 19:36:51.5772 Info Message Template Auto Format enabled
2020-08-18 19:36:51.6798 Info Adding target FileTarget(Name=f)
2020-08-18 19:36:51.6798 Info Adding target ConsoleTarget(Name=c)
2020-08-18 19:36:51.7596 Info Validating config: TargetNames=f, c, ConfigItems=24, FilePath=C:\Users\snowman\source\repos\WPF_Player\WPF_Player\bin\Debug\NLog.config
2020-08-18 19:36:51.7955 Warn Failed changing Console.OutputEncoding to System.Text.UTF8Encoding Exception: System.IO.IOException: 句柄无效。

   在 System.IO.__Error.WinIOError(Int32 errorCode, String maybeFullPath)
   在 System.Console.set_OutputEncoding(Encoding value)
   在 NLog.Targets.ConsoleTargetHelper.SetConsoleOutputEncoding(Encoding newEncoding, Boolean isInitialized, Boolean pauseLogging)
2020-08-18 19:36:51.8444 Info Configuration initialized.
2020-08-18 19:36:51.8493 Info NLog, Version=4.0.0.0, Culture=neutral, PublicKeyToken=5120e14c03d0593c. File version: 4.7.2.11786. Product version: 4.7.2+024896f64b840a743d3fd89e29c2186681e7795f. GlobalAssemblyCache: False
2020-08-18 19:41:09.2683 Info Message Template Auto Format enabled
2020-08-18 19:41:09.3531 Info Adding target FileTarget(Name=f)
2020-08-18 19:41:09.3770 Info Adding target ConsoleTarget(Name=c)
2020-08-18 19:41:09.4797 Info Validating config: TargetNames=f, c, ConfigItems=24, FilePath=C:\Users\snowman\source\repos\WPF_Player\WPF_Player\bin\Debug\NLog.config
2020-08-18 19:41:09.5266 Warn Failed changing Console.OutputEncoding to System.Text.UTF8Encoding Exception: System.IO.IOException: 句柄无效。

   在 System.IO.__Error.WinIOError(Int32 errorCode, String maybeFullPath)
   在 System.Console.set_OutputEncoding(Encoding value)
   在 NLog.Targets.ConsoleTargetHelper.SetConsoleOutputEncoding(Encoding newEncoding, Boolean isInitialized, Boolean pauseLogging)
2020-08-18 19:41:09.5825 Info Configuration initialized.
2020-08-18 19:41:09.5825 Info NLog, Version=4.0.0.0, Culture=neutral, PublicKeyToken=5120e14c03d0593c. File version: 4.7.2.11786. Product version: 4.7.2+024896f64b840a743d3fd89e29c2186681e7795f. GlobalAssemblyCache: False
2020-08-18 19:42:56.4108 Info Message Template Auto Format enabled
2020-08-18 19:42:56.5224 Info Adding target FileTarget(Name=f)
2020-08-18 19:42:56.5224 Info Adding target ConsoleTarget(Name=c)
2020-08-18 19:42:56.6034 Info Validating config: TargetNames=f, c, ConfigItems=24, FilePath=C:\Users\snowman\source\repos\WPF_Player\WPF_Player\bin\Debug\NLog.config
2020-08-18 19:42:56.6701 Warn Failed changing Console.OutputEncoding to System.Text.UTF8Encoding Exception: System.IO.IOException: 句柄无效。

   在 System.IO.__Error.WinIOError(Int32 errorCode, String maybeFullPath)
   在 System.Console.set_OutputEncoding(Encoding value)
   在 NLog.Targets.ConsoleTargetHelper.SetConsoleOutputEncoding(Encoding newEncoding, Boolean isInitialized, Boolean pauseLogging)
2020-08-18 19:42:56.7787 Info Configuration initialized.
2020-08-18 19:42:56.7877 Info NLog, Version=4.0.0.0, Culture=neutral, PublicKeyToken=5120e14c03d0593c. File version: 4.7.2.11786. Product version: 4.7.2+024896f64b840a743d3fd89e29c2186681e7795f. GlobalAssemblyCache: False
2020-08-18 19:43:33.6379 Info Message Template Auto Format enabled
2020-08-18 19:43:33.7557 Info Adding target FileTarget(Name=f)
2020-08-18 19:43:33.7557 Info Adding target ConsoleTarget(Name=c)
2020-08-18 19:43:33.8723 Info Validating config: TargetNames=f, c, ConfigItems=24, FilePath=C:\Users\snowman\source\repos\WPF_Player\WPF_Player\bin\Debug\NLog.config
2020-08-18 19:43:33.9381 Warn Failed changing Console.OutputEncoding to System.Text.UTF8Encoding Exception: System.IO.IOException: 句柄无效。

   在 System.IO.__Error.WinIOError(Int32 errorCode, String maybeFullPath)
   在 System.Console.set_OutputEncoding(Encoding value)
   在 NLog.Targets.ConsoleTargetHelper.SetConsoleOutputEncoding(Encoding newEncoding, Boolean isInitialized, Boolean pauseLogging)
2020-08-18 19:43:33.9810 Info Configuration initialized.
2020-08-18 19:43:33.9810 Info NLog, Version=4.0.0.0, Culture=neutral, PublicKeyToken=5120e14c03d0593c. File version: 4.7.2.11786. Product version: 4.7.2+024896f64b840a743d3fd89e29c2186681e7795f. GlobalAssemblyCache: False
2020-08-18 19:45:29.8471 Info Message Template Auto Format enabled
2020-08-18 19:45:29.9358 Info Adding target FileTarget(Name=f)
2020-08-18 19:45:29.9488 Info Adding target ConsoleTarget(Name=c)
2020-08-18 19:45:30.0097 Info Validating config: TargetNames=f, c, ConfigItems=24, FilePath=C:\Users\snowman\source\repos\WPF_Player\WPF_Player\bin\Debug\NLog.config
2020-08-18 19:45:30.0595 Warn Failed changing Console.OutputEncoding to System.Text.UTF8Encoding Exception: System.IO.IOException: 句柄无效。

   在 System.IO.__Error.WinIOError(Int32 errorCode, String maybeFullPath)
   在 System.Console.set_OutputEncoding(Encoding value)
   在 NLog.Targets.ConsoleTargetHelper.SetConsoleOutputEncoding(Encoding newEncoding, Boolean isInitialized, Boolean pauseLogging)
2020-08-18 19:45:30.1495 Info Configuration initialized.
2020-08-18 19:45:30.1495 Info NLog, Version=4.0.0.0, Culture=neutral, PublicKeyToken=5120e14c03d0593c. File version: 4.7.2.11786. Product version: 4.7.2+024896f64b840a743d3fd89e29c2186681e7795f. GlobalAssemblyCache: False
2020-08-18 19:48:22.2117 Info Message Template Auto Format enabled
2020-08-18 19:48:22.3004 Info Adding target FileTarget(Name=f)
2020-08-18 19:48:22.3054 Info Adding target ConsoleTarget(Name=c)
2020-08-18 19:48:22.3742 Info Validating config: TargetNames=f, c, ConfigItems=24, FilePath=C:\Users\snowman\source\repos\WPF_Player\WPF_Player\bin\Debug\NLog.config
2020-08-18 19:48:22.4095 Warn Failed changing Console.OutputEncoding to System.Text.UTF8Encoding Exception: System.IO.IOException: 句柄无效。

   在 System.IO.__Error.WinIOError(Int32 errorCode, String maybeFullPath)
   在 System.Console.set_OutputEncoding(Encoding value)
   在 NLog.Targets.ConsoleTargetHelper.SetConsoleOutputEncoding(Encoding newEncoding, Boolean isInitialized, Boolean pauseLogging)
2020-08-18 19:48:22.4540 Info Configuration initialized.
2020-08-18 19:48:22.4590 Info NLog, Version=4.0.0.0, Culture=neutral, PublicKeyToken=5120e14c03d0593c. File version: 4.7.2.11786. Product version: 4.7.2+024896f64b840a743d3fd89e29c2186681e7795f. GlobalAssemblyCache: False
2020-08-18 19:49:07.6209 Info AppDomain Shutting down. Logger closing...
2020-08-18 19:49:07.6655 Info Logger has been shut down.
